Feb-16 04:41:18.911 [main] DEBUG nextflow.cli.Launcher - $> nextflow run src/main.nf --reads '/home/andyyu/apps/ITS-pipeline-app-v2.0/.tar/reads/*_R1' -profile hpc --locus ITS1 --max_expected_error 3 --tax_confidence 50 --clustering_thresholds 100,97 --alpha_diversity nseqs-sobs-chao-shannon-shannoneven --beta_diversity braycurtis-thetayc-sharedsobs-sharedchao
Feb-16 04:41:19.053 [main] INFO  nextflow.cli.CmdRun - N E X T F L O W  ~  version 21.04.1
Feb-16 04:41:19.082 [main] INFO  nextflow.cli.CmdRun - Launching `src/main.nf` [modest_caravaggio] - revision: ed2d587af0
Feb-16 04:41:19.098 [main] DEBUG nextflow.config.ConfigBuilder - Found config base: /home/andyyu/apps/ITS-pipeline-app-v2.0/src/nextflow.config
Feb-16 04:41:19.100 [main] DEBUG nextflow.config.ConfigBuilder - Parsing config file: /home/andyyu/apps/ITS-pipeline-app-v2.0/src/nextflow.config
Feb-16 04:41:19.128 [main] DEBUG nextflow.config.ConfigBuilder - Applying config profile: `hpc`
Feb-16 04:41:20.115 [main] DEBUG nextflow.config.ConfigBuilder - Available config profiles: [hpc_test, local_test, gcp, hpc, local]
Feb-16 04:41:20.157 [main] DEBUG nextflow.plugin.PluginsFacade - Setting up plugin manager > mode=prod; plugins-dir=/home/andyyu/apps/ITS-pipeline-app-v2.0/.nextflow/plugins
Feb-16 04:41:20.159 [main] DEBUG nextflow.plugin.PluginsFacade - Plugins default=[]
Feb-16 04:41:20.162 [main] DEBUG nextflow.plugin.PluginsFacade - Plugins local root: .nextflow/plr/empty
Feb-16 04:41:20.172 [main] INFO  org.pf4j.DefaultPluginStatusProvider - Enabled plugins: []
Feb-16 04:41:20.174 [main] INFO  org.pf4j.DefaultPluginStatusProvider - Disabled plugins: []
Feb-16 04:41:20.179 [main] INFO  org.pf4j.DefaultPluginManager - PF4J version 3.4.1 in 'deployment' mode
Feb-16 04:41:20.191 [main] INFO  org.pf4j.AbstractPluginManager - No plugins
Feb-16 04:41:20.191 [main] DEBUG nextflow.plugin.PluginsFacade - Plugin 'start' is not required in self-contained mode -- ignoring it for plugins: []
Feb-16 04:41:20.245 [main] DEBUG nextflow.Session - Session uuid: 829d4eee-5197-4dc1-b357-a0015ffaa0c4
Feb-16 04:41:20.246 [main] DEBUG nextflow.Session - Run name: modest_caravaggio
Feb-16 04:41:20.247 [main] DEBUG nextflow.Session - Executor pool size: 4
Feb-16 04:41:20.294 [main] DEBUG nextflow.cli.CmdRun - 
  Version: 21.04.1 build 5557
  Created: 14-05-2021 16:49 UTC 
  System: Linux 5.14.0-362.18.1.el9_3.x86_64
  Runtime: Groovy 3.0.7 on OpenJDK 64-Bit Server VM 11.0.18+10
  Encoding: UTF-8 (UTF-8)
  Process: 3140890@cn-03-13-01 [10.3.13.1]
  CPUs: 4 - Mem: 125.8 GB (46 GB) - Swap: 0 (0)
Feb-16 04:41:20.325 [main] DEBUG nextflow.Session - Work-dir: /home/andyyu/apps/ITS-pipeline-app-v2.0/work [nfs]
Feb-16 04:41:20.325 [main] DEBUG nextflow.Session - Script base path does not exist or is not a directory: /home/andyyu/apps/ITS-pipeline-app-v2.0/src/bin
Feb-16 04:41:20.373 [main] DEBUG nextflow.executor.ExecutorFactory - Extension executors providers=[GoogleLifeSciencesExecutor, AwsBatchExecutor, IgExecutor]
Feb-16 04:41:20.386 [main] DEBUG nextflow.Session - Observer factory: DefaultObserverFactory
Feb-16 04:41:20.549 [main] DEBUG nextflow.Session - Session start invoked
Feb-16 04:41:21.112 [main] DEBUG nextflow.script.ScriptRunner - > Launching execution
Feb-16 04:41:24.593 [main] DEBUG nextflow.Session - Workflow process names [dsl2]: VSEARCH_CLUSTER, DOWNLOAD_RDP_FOR_DADA2, DADA2_FILTERANDTRIM, BUILD_ASV_TABLE, FASTTREE, MOTHUR_SUMMARY_SINGLE, DADA2_LEARNERRORS, VSEARCH_USEARCH_GLOBAL, ITSXPRESS, CONVERT_TO_MOTHUR_FORMAT, DADA2_ASSIGN_TAXONOMY, DADA2_DEREPFASTQ, VSEARCH_CHIMERA, DOWNLOAD_SILVA_FOR_MOTHUR, SUBSET_READS_RDS, MOTHUR_SUMMARY_SHARED, HOLOVIEWS_PREPARE, HOLOVIEWS_CLUSTERMAP, SUMMARIZE_TABLE, GET_SUBSAMPLING_THRESHOLD, DOWNLOAD_UNITE, HOLOVIEWS_BARS, PHYLOSEQ_UNIFRAC, LULU, READ_TRACKING, DADA2_MERGEPAIRS, DADA2_DADA, HOLOVIEWS_SCATTER
Feb-16 04:41:24.810 [main] DEBUG nextflow.script.ProcessConfig - Config settings `withLabel:process_medium` matches label `process_medium` for process with name pipeline_ITS:ITSXPRESS
Feb-16 04:41:24.817 [main] DEBUG nextflow.executor.ExecutorFactory - << taskConfig executor: slurm
Feb-16 04:41:24.817 [main] DEBUG nextflow.executor.ExecutorFactory - >> processorType: 'slurm'
Feb-16 04:41:24.825 [main] DEBUG nextflow.executor.Executor - [warm up] executor > slurm
Feb-16 04:41:24.832 [main] DEBUG n.processor.TaskPollingMonitor - Creating task monitor for executor 'slurm' > capacity: 40; pollInterval: 5s; dumpInterval: 5m 
Feb-16 04:41:24.842 [main] DEBUG n.executor.AbstractGridExecutor - Creating executor 'slurm' > queue-stat-interval: 1m
Feb-16 04:41:24.921 [main] DEBUG nextflow.script.ProcessConfig - Config settings `withLabel:process_low` matches label `process_low` for process with name pipeline_ITS:dada2:DADA2_FILTERANDTRIM
Feb-16 04:41:24.922 [main] DEBUG nextflow.executor.ExecutorFactory - << taskConfig executor: slurm
Feb-16 04:41:24.922 [main] DEBUG nextflow.executor.ExecutorFactory - >> processorType: 'slurm'
Feb-16 04:41:24.929 [main] DEBUG nextflow.script.ProcessConfig - Config settings `withLabel:process_low` matches label `process_low` for process with name pipeline_ITS:dada2:DADA2_DEREPFASTQ
Feb-16 04:41:24.931 [main] DEBUG nextflow.executor.ExecutorFactory - << taskConfig executor: slurm
Feb-16 04:41:24.931 [main] DEBUG nextflow.executor.ExecutorFactory - >> processorType: 'slurm'
Feb-16 04:41:24.938 [main] DEBUG nextflow.script.ProcessConfig - Config settings `withLabel:process_high` matches label `process_high` for process with name pipeline_ITS:dada2:VSEARCH_CHIMERA
Feb-16 04:41:24.939 [main] DEBUG nextflow.executor.ExecutorFactory - << taskConfig executor: slurm
Feb-16 04:41:24.940 [main] DEBUG nextflow.executor.ExecutorFactory - >> processorType: 'slurm'
Feb-16 04:41:24.955 [main] DEBUG nextflow.script.ProcessConfig - Config settings `withLabel:process_low` matches label `process_low` for process with name pipeline_ITS:dada2:SUBSET_READS_RDS
Feb-16 04:41:24.956 [main] DEBUG nextflow.executor.ExecutorFactory - << taskConfig executor: slurm
Feb-16 04:41:24.956 [main] DEBUG nextflow.executor.ExecutorFactory - >> processorType: 'slurm'
Feb-16 04:41:24.982 [main] DEBUG nextflow.script.ProcessConfig - Config settings `withLabel:process_medium` matches label `process_medium` for process with name pipeline_ITS:dada2:DADA2_LEARNERRORS
Feb-16 04:41:24.983 [main] DEBUG nextflow.executor.ExecutorFactory - << taskConfig executor: slurm
Feb-16 04:41:24.984 [main] DEBUG nextflow.executor.ExecutorFactory - >> processorType: 'slurm'
Feb-16 04:41:25.002 [main] DEBUG nextflow.script.ProcessConfig - Config settings `withLabel:process_medium` matches label `process_medium` for process with name pipeline_ITS:dada2:DADA2_DADA
Feb-16 04:41:25.004 [main] DEBUG nextflow.executor.ExecutorFactory - << taskConfig executor: slurm
Feb-16 04:41:25.004 [main] DEBUG nextflow.executor.ExecutorFactory - >> processorType: 'slurm'
Feb-16 04:41:25.019 [main] DEBUG nextflow.script.ProcessConfig - Config settings `withLabel:process_medium` matches label `process_medium` for process with name pipeline_ITS:dada2:BUILD_ASV_TABLE
Feb-16 04:41:25.020 [main] DEBUG nextflow.executor.ExecutorFactory - << taskConfig executor: slurm
Feb-16 04:41:25.020 [main] DEBUG nextflow.executor.ExecutorFactory - >> processorType: 'slurm'
Feb-16 04:41:25.028 [main] DEBUG nextflow.script.ProcessConfig - Config settings `withLabel:process_low` matches label `process_low` for process with name pipeline_ITS:dada2:SUMMARIZE_TABLE
Feb-16 04:41:25.029 [main] DEBUG nextflow.executor.ExecutorFactory - << taskConfig executor: slurm
Feb-16 04:41:25.029 [main] DEBUG nextflow.executor.ExecutorFactory - >> processorType: 'slurm'
Feb-16 04:41:25.045 [main] DEBUG nextflow.script.ProcessConfig - Config settings `withLabel:process_high` matches label `process_high` for process with name pipeline_ITS:VSEARCH_CLUSTER
Feb-16 04:41:25.049 [main] DEBUG nextflow.executor.ExecutorFactory - << taskConfig executor: slurm
Feb-16 04:41:25.050 [main] DEBUG nextflow.executor.ExecutorFactory - >> processorType: 'slurm'
Feb-16 04:41:25.051 [main] DEBUG nextflow.processor.TaskProcessor - Creating *combiner* operator for each param(s) at index(es): [1]
Feb-16 04:41:25.065 [main] DEBUG nextflow.script.ProcessConfig - Config settings `withLabel:process_low` matches label `process_low` for process with name pipeline_ITS:SUMMARIZE_TABLE
Feb-16 04:41:25.066 [main] DEBUG nextflow.executor.ExecutorFactory - << taskConfig executor: slurm
Feb-16 04:41:25.066 [main] DEBUG nextflow.executor.ExecutorFactory - >> processorType: 'slurm'
Feb-16 04:41:25.071 [main] DEBUG nextflow.script.ProcessConfig - Config settings `withLabel:process_high` matches label `process_high` for process with name pipeline_ITS:VSEARCH_USEARCH_GLOBAL
Feb-16 04:41:25.072 [main] DEBUG nextflow.executor.ExecutorFactory - << taskConfig executor: slurm
Feb-16 04:41:25.072 [main] DEBUG nextflow.executor.ExecutorFactory - >> processorType: 'slurm'
Feb-16 04:41:25.081 [main] DEBUG nextflow.script.ProcessConfig - Config settings `withLabel:process_high` matches label `process_high` for process with name pipeline_ITS:LULU
Feb-16 04:41:25.081 [main] DEBUG nextflow.script.ProcessConfig - Config settings `withName:FAST_TREE|PHYLOSEQ_UNIFRAC|LULU` matches process pipeline_ITS:LULU
Feb-16 04:41:25.083 [main] DEBUG nextflow.executor.ExecutorFactory - << taskConfig executor: slurm
Feb-16 04:41:25.083 [main] DEBUG nextflow.executor.ExecutorFactory - >> processorType: 'slurm'
Feb-16 04:41:25.089 [main] DEBUG nextflow.script.ProcessConfig - Config settings `withLabel:process_low` matches label `process_low` for process with name pipeline_ITS:DOWNLOAD_UNITE
Feb-16 04:41:25.090 [main] DEBUG nextflow.executor.ExecutorFactory - << taskConfig executor: slurm
Feb-16 04:41:25.090 [main] DEBUG nextflow.executor.ExecutorFactory - >> processorType: 'slurm'
Feb-16 04:41:25.096 [main] DEBUG nextflow.script.ProcessConfig - Config settings `withLabel:process_high` matches label `process_high` for process with name pipeline_ITS:DADA2_ASSIGN_TAXONOMY
Feb-16 04:41:25.097 [main] DEBUG nextflow.executor.ExecutorFactory - << taskConfig executor: slurm
Feb-16 04:41:25.097 [main] DEBUG nextflow.executor.ExecutorFactory - >> processorType: 'slurm'
Feb-16 04:41:25.128 [main] DEBUG nextflow.script.ProcessConfig - Config settings `withLabel:process_low` matches label `process_low` for process with name pipeline_ITS:READ_TRACKING
Feb-16 04:41:25.129 [main] DEBUG nextflow.executor.ExecutorFactory - << taskConfig executor: slurm
Feb-16 04:41:25.130 [main] DEBUG nextflow.executor.ExecutorFactory - >> processorType: 'slurm'
Feb-16 04:41:25.139 [main] DEBUG nextflow.script.ProcessConfig - Config settings `withLabel:process_low` matches label `process_low` for process with name pipeline_ITS:CONVERT_TO_MOTHUR_FORMAT
Feb-16 04:41:25.140 [main] DEBUG nextflow.executor.ExecutorFactory - << taskConfig executor: slurm
Feb-16 04:41:25.140 [main] DEBUG nextflow.executor.ExecutorFactory - >> processorType: 'slurm'
Feb-16 04:41:25.146 [main] DEBUG nextflow.script.ProcessConfig - Config settings `withLabel:process_low` matches label `process_low` for process with name pipeline_ITS:diversity:MOTHUR_SUMMARY_SINGLE
Feb-16 04:41:25.147 [main] DEBUG nextflow.executor.ExecutorFactory - << taskConfig executor: slurm
Feb-16 04:41:25.148 [main] DEBUG nextflow.executor.ExecutorFactory - >> processorType: 'slurm'
Feb-16 04:41:25.151 [main] DEBUG nextflow.script.ProcessConfig - Config settings `withLabel:process_low` matches label `process_low` for process with name pipeline_ITS:diversity:MOTHUR_SUMMARY_SHARED
Feb-16 04:41:25.152 [main] DEBUG nextflow.executor.ExecutorFactory - << taskConfig executor: slurm
Feb-16 04:41:25.152 [main] DEBUG nextflow.executor.ExecutorFactory - >> processorType: 'slurm'
Feb-16 04:41:25.158 [main] DEBUG nextflow.script.ProcessConfig - Config settings `withLabel:process_medium` matches label `process_medium` for process with name pipeline_ITS:holoviews:HOLOVIEWS_PREPARE
Feb-16 04:41:25.158 [main] DEBUG nextflow.script.ProcessConfig - Config settings `withLabel:plot` matches label `plot` for process with name pipeline_ITS:holoviews:HOLOVIEWS_PREPARE
Feb-16 04:41:25.159 [main] DEBUG nextflow.executor.ExecutorFactory - << taskConfig executor: slurm
Feb-16 04:41:25.159 [main] DEBUG nextflow.executor.ExecutorFactory - >> processorType: 'slurm'
Feb-16 04:41:25.163 [main] DEBUG nextflow.script.ProcessConfig - Config settings `withLabel:process_low` matches label `process_low` for process with name pipeline_ITS:holoviews:HOLOVIEWS_BARS
Feb-16 04:41:25.164 [main] DEBUG nextflow.script.ProcessConfig - Config settings `withLabel:plot` matches label `plot` for process with name pipeline_ITS:holoviews:HOLOVIEWS_BARS
Feb-16 04:41:25.165 [main] DEBUG nextflow.executor.ExecutorFactory - << taskConfig executor: slurm
Feb-16 04:41:25.165 [main] DEBUG nextflow.executor.ExecutorFactory - >> processorType: 'slurm'
Feb-16 04:41:25.169 [main] DEBUG nextflow.script.ProcessConfig - Config settings `withLabel:process_low` matches label `process_low` for process with name pipeline_ITS:holoviews:HOLOVIEWS_SCATTER
Feb-16 04:41:25.169 [main] DEBUG nextflow.script.ProcessConfig - Config settings `withLabel:plot` matches label `plot` for process with name pipeline_ITS:holoviews:HOLOVIEWS_SCATTER
Feb-16 04:41:25.170 [main] DEBUG nextflow.executor.ExecutorFactory - << taskConfig executor: slurm
Feb-16 04:41:25.170 [main] DEBUG nextflow.executor.ExecutorFactory - >> processorType: 'slurm'
Feb-16 04:41:25.174 [main] DEBUG nextflow.script.ProcessConfig - Config settings `withLabel:process_low` matches label `process_low` for process with name pipeline_ITS:holoviews:HOLOVIEWS_CLUSTERMAP
Feb-16 04:41:25.174 [main] DEBUG nextflow.script.ProcessConfig - Config settings `withLabel:plot` matches label `plot` for process with name pipeline_ITS:holoviews:HOLOVIEWS_CLUSTERMAP
Feb-16 04:41:25.175 [main] DEBUG nextflow.executor.ExecutorFactory - << taskConfig executor: slurm
Feb-16 04:41:25.175 [main] DEBUG nextflow.executor.ExecutorFactory - >> processorType: 'slurm'
Feb-16 04:41:25.177 [main] DEBUG nextflow.extension.CH - Bridging dataflow queue=DataflowQueue(queue=[])
Feb-16 04:41:25.180 [main] DEBUG nextflow.extension.CH - Bridging dataflow queue=DataflowQueue(queue=[])
Feb-16 04:41:25.180 [main] DEBUG nextflow.Session - Ignite dataflow network (27)
Feb-16 04:41:25.187 [PathVisitor-1] DEBUG nextflow.file.PathVisitor - files for syntax: glob; folder: /home/andyyu/apps/ITS-pipeline-app-v2.0/.tar/reads/; pattern: *_R1; options: [:]
Feb-16 04:41:25.188 [main] DEBUG nextflow.processor.TaskProcessor - Starting process > pipeline_ITS:ITSXPRESS
Feb-16 04:41:25.194 [main] DEBUG nextflow.processor.TaskProcessor - Starting process > pipeline_ITS:dada2:DADA2_FILTERANDTRIM
Feb-16 04:41:25.194 [main] DEBUG nextflow.processor.TaskProcessor - Starting process > pipeline_ITS:dada2:DADA2_DEREPFASTQ
Feb-16 04:41:25.196 [main] DEBUG nextflow.processor.TaskProcessor - Starting process > pipeline_ITS:dada2:VSEARCH_CHIMERA
Feb-16 04:41:25.197 [main] DEBUG nextflow.processor.TaskProcessor - Starting process > pipeline_ITS:dada2:SUBSET_READS_RDS
Feb-16 04:41:25.197 [PathVisitor-1] DEBUG nextflow.file.PathVisitor - No such file: /home/andyyu/apps/ITS-pipeline-app-v2.0/.tar/reads/ -- Skipping visit
Feb-16 04:41:25.197 [main] DEBUG nextflow.processor.TaskProcessor - Starting process > pipeline_ITS:dada2:DADA2_LEARNERRORS
Feb-16 04:41:25.198 [main] DEBUG nextflow.processor.TaskProcessor - Starting process > pipeline_ITS:dada2:DADA2_DADA
Feb-16 04:41:25.199 [main] DEBUG nextflow.processor.TaskProcessor - Starting process > pipeline_ITS:dada2:BUILD_ASV_TABLE
Feb-16 04:41:25.199 [main] DEBUG nextflow.processor.TaskProcessor - Starting process > pipeline_ITS:dada2:SUMMARIZE_TABLE
Feb-16 04:41:25.200 [main] DEBUG nextflow.processor.TaskProcessor - Starting process > pipeline_ITS:VSEARCH_CLUSTER
Feb-16 04:41:25.200 [main] DEBUG nextflow.processor.TaskProcessor - Starting process > pipeline_ITS:VSEARCH_CLUSTER
Feb-16 04:41:25.201 [main] DEBUG nextflow.processor.TaskProcessor - Starting process > pipeline_ITS:SUMMARIZE_TABLE
Feb-16 04:41:25.203 [main] DEBUG nextflow.processor.TaskProcessor - Starting process > pipeline_ITS:VSEARCH_USEARCH_GLOBAL
Feb-16 04:41:25.203 [main] DEBUG nextflow.processor.TaskProcessor - Starting process > pipeline_ITS:LULU
Feb-16 04:41:25.203 [main] DEBUG nextflow.processor.TaskProcessor - Starting process > pipeline_ITS:DOWNLOAD_UNITE
Feb-16 04:41:25.204 [main] DEBUG nextflow.processor.TaskProcessor - Starting process > pipeline_ITS:DADA2_ASSIGN_TAXONOMY
Feb-16 04:41:25.205 [main] DEBUG nextflow.processor.TaskProcessor - Starting process > pipeline_ITS:READ_TRACKING
Feb-16 04:41:25.206 [main] DEBUG nextflow.processor.TaskProcessor - Starting process > pipeline_ITS:CONVERT_TO_MOTHUR_FORMAT
Feb-16 04:41:25.206 [main] DEBUG nextflow.processor.TaskProcessor - Starting process > pipeline_ITS:diversity:MOTHUR_SUMMARY_SINGLE
Feb-16 04:41:25.206 [main] DEBUG nextflow.processor.TaskProcessor - Starting process > pipeline_ITS:diversity:MOTHUR_SUMMARY_SHARED
Feb-16 04:41:25.207 [main] DEBUG nextflow.processor.TaskProcessor - Starting process > pipeline_ITS:holoviews:HOLOVIEWS_PREPARE
Feb-16 04:41:25.208 [main] DEBUG nextflow.processor.TaskProcessor - Starting process > pipeline_ITS:holoviews:HOLOVIEWS_BARS
Feb-16 04:41:25.208 [main] DEBUG nextflow.processor.TaskProcessor - Starting process > pipeline_ITS:holoviews:HOLOVIEWS_SCATTER
Feb-16 04:41:25.208 [main] DEBUG nextflow.processor.TaskProcessor - Starting process > pipeline_ITS:holoviews:HOLOVIEWS_CLUSTERMAP
Feb-16 04:41:25.208 [main] DEBUG nextflow.script.ScriptRunner - > Await termination 
Feb-16 04:41:25.209 [main] DEBUG nextflow.Session - Session await
Feb-16 04:41:25.243 [Actor Thread 5] DEBUG nextflow.file.SortFileCollector - FileCollector temp dir not removed: null
Feb-16 04:41:25.264 [Actor Thread 1] DEBUG nextflow.file.SortFileCollector - FileCollector temp dir not removed: null
Feb-16 04:41:25.301 [Actor Thread 14] DEBUG nextflow.container.SingularityCache - Singularity found local store for image=docker://nakor/bash:5.1.4; path=/home/andyyu/apps/ITS-pipeline-app-v2.0/singularity_images.cache/nakor-bash-5.1.4.img
Feb-16 04:41:25.454 [Task submitter] DEBUG nextflow.executor.GridTaskHandler - [SLURM] submitted process pipeline_ITS:DOWNLOAD_UNITE (fungi) > jobId: 1285777; workDir: /home/andyyu/apps/ITS-pipeline-app-v2.0/work/86/07ca88e5bb5504246c3715dfef0980
Feb-16 04:41:25.459 [Task submitter] INFO  nextflow.Session - [86/07ca88] Submitted process > pipeline_ITS:DOWNLOAD_UNITE (fungi)
Feb-16 04:41:59.854 [Task monitor] DEBUG n.processor.TaskPollingMonitor - Task completed > TaskHandler[jobId: 1285777; id: 1; name: pipeline_ITS:DOWNLOAD_UNITE (fungi); status: COMPLETED; exit: 0; error: -; workDir: /home/andyyu/apps/ITS-pipeline-app-v2.0/work/86/07ca88e5bb5504246c3715dfef0980 started: 1708058489846; exited: 2024-02-16T04:41:43.78323Z; ]
Feb-16 04:41:59.872 [main] DEBUG nextflow.Session - Session await > all process finished
Feb-16 04:41:59.875 [main] DEBUG nextflow.Session - Session await > all barriers passed
Feb-16 04:41:59.883 [main] DEBUG nextflow.trace.WorkflowStatsObserver - Workflow completed > WorkflowStats[succeededCount=1; failedCount=0; ignoredCount=0; cachedCount=0; pendingCount=0; submittedCount=0; runningCount=0; retriesCount=0; abortedCount=0; succeedDuration=3m; failedDuration=0ms; cachedDuration=0ms;loadCpus=0; loadMemory=0; peakRunning=1; peakCpus=6; peakMemory=32 GB; ]
Feb-16 04:42:00.057 [main] DEBUG nextflow.CacheDB - Closing CacheDB done
Feb-16 04:42:00.078 [main] DEBUG nextflow.script.ScriptRunner - > Execution complete -- Goodbye
